<?xml version="1.0" encoding="UTF-8"?>
<!-- Generated by org.testng.reporters.JUnitXMLReporter -->
<testsuite ignored="0" hostname="LAPTOP-CEPR6TFE" failures="0" tests="6" name="Default test" time="1.66" errors="0" timestamp="2023-07-22T19:55:26 IST">
  <testcase classname="tests.JsonTest" name="verifyCourseCount" time="0.703"/>
  <testcase classname="tests.JsonTest" name="verifyPurchaseAmount" time="0.024"/>
  <testcase classname="tests.JsonTest" name="verifyFirstCourseTitle" time="0.046"/>
  <testcase classname="tests.JsonTest" name="verifyRPACopies" time="0.019"/>
  <testcase classname="tests.JsonTest" name="verifyAllCourses" time="0.078"/>
  <testcase classname="tests.JsonTest" name="verifyPurchaseAmountCoursePrice" time="0.067"/>
</testsuite> <!-- Default test -->
