<?xml version="1.0" encoding="UTF-8"?>
<testng-results ignored="0" total="6" passed="6" failed="0" skipped="0">
  <reporter-output>
  </reporter-output>
  <suite started-at="2023-07-22T19:55:24 IST" name="Default suite" finished-at="2023-07-22T19:55:26 IST" duration-ms="1660">
    <groups>
    </groups>
    <test started-at="2023-07-22T19:55:24 IST" name="Default test" finished-at="2023-07-22T19:55:26 IST" duration-ms="1660">
      <class name="tests.JsonTest">
        <test-method is-config="true" signature="setup()[pri:0, instance:tests.JsonTest@fa49800]" started-at="2023-07-22T19:55:24 IST" name="setup" finished-at="2023-07-22T19:55:25 IST" duration-ms="682" status="PASS">
          <reporter-output>
          </reporter-output>
        </test-method> <!-- setup -->
        <test-method signature="verifyCourseCount()[pri:1, instance:tests.JsonTest@fa49800]" started-at="2023-07-22T19:55:25 IST" name="verifyCourseCount" finished-at="2023-07-22T19:55:25 IST" duration-ms="703" status="PASS">
          <reporter-output>
          </reporter-output>
        </test-method> <!-- verifyCourseCount -->
        <test-method signature="verifyPurchaseAmount()[pri:2, instance:tests.JsonTest@fa49800]" started-at="2023-07-22T19:55:25 IST" name="verifyPurchaseAmount" finished-at="2023-07-22T19:55:25 IST" duration-ms="24" status="PASS">
          <reporter-output>
          </reporter-output>
        </test-method> <!-- verifyPurchaseAmount -->
        <test-method signature="verifyFirstCourseTitle()[pri:3, instance:tests.JsonTest@fa49800]" started-at="2023-07-22T19:55:25 IST" name="verifyFirstCourseTitle" finished-at="2023-07-22T19:55:25 IST" duration-ms="46" status="PASS">
          <reporter-output>
          </reporter-output>
        </test-method> <!-- verifyFirstCourseTitle -->
        <test-method signature="verifyRPACopies()[pri:4, instance:tests.JsonTest@fa49800]" started-at="2023-07-22T19:55:25 IST" name="verifyRPACopies" finished-at="2023-07-22T19:55:25 IST" duration-ms="19" status="PASS">
          <reporter-output>
          </reporter-output>
        </test-method> <!-- verifyRPACopies -->
        <test-method signature="verifyAllCourses()[pri:5, instance:tests.JsonTest@fa49800]" started-at="2023-07-22T19:55:25 IST" name="verifyAllCourses" finished-at="2023-07-22T19:55:25 IST" duration-ms="78" status="PASS">
          <reporter-output>
          </reporter-output>
        </test-method> <!-- verifyAllCourses -->
        <test-method signature="verifyPurchaseAmountCoursePrice()[pri:6, instance:tests.JsonTest@fa49800]" started-at="2023-07-22T19:55:25 IST" name="verifyPurchaseAmountCoursePrice" finished-at="2023-07-22T19:55:26 IST" duration-ms="67" status="PASS">
          <reporter-output>
          </reporter-output>
        </test-method> <!-- verifyPurchaseAmountCoursePrice -->
      </class> <!-- tests.JsonTest -->
    </test> <!-- Default test -->
  </suite> <!-- Default suite -->
</testng-results>
